2019-03-15 01:13:37 - Running StockServer on port 9090.
Fetching latest stock prices...
Fetching latest stock prices...
IOException in Nifty 50 continuing...
Fetching latest stock prices...
Fetching latest stock prices...
Fetching latest stock prices...
IOException in Nifty 50 continuing...
Fetching latest stock prices...
Fetching latest stock prices...
Fetching latest stock prices...
Fetching latest stock prices...
Fetching latest stock prices...
IOException in Nifty 50 continuing...
Fetching latest stock prices...
Fetching latest stock prices...
IOException in Nifty 50 continuing...
IOException in Nifty 50 continuing...
Fetching latest stock prices...
Fetching latest stock prices...
Fetching latest stock prices...
Fetching latest stock prices...
IOException in Nifty 50 continuing...
Fetching latest stock prices...
IOException in Nifty 50 continuing...
Fetching latest stock prices...
Fetching latest stock prices...
IOException in Nifty 50 continuing...
Fetching latest stock prices...
Fetching latest stock prices...
Fetching latest stock prices...
Fetching latest stock prices...
Fetching latest stock prices...
Fetching latest stock prices...
Fetching latest stock prices...
Fetching latest stock prices...
Fetching latest stock prices...
Fetching latest stock prices...
Fetching latest stock prices...
Fetching latest stock prices...
Fetching latest stock prices...
IOException in Nifty 50 continuing...
Fetching latest stock prices...
IOException in Nifty 50 continuing...
Fetching latest stock prices...
Fetching latest stock prices...
Fetching latest stock prices...
IOException in Nifty 50 continuing...
Fetching latest stock prices...
Fetching latest stock prices...
IOException in Nifty 50 continuing...
Fetching latest stock prices...
IOException in Nifty 50 continuing...
Fetching latest stock prices...
Fetching latest stock prices...
Fetching latest stock prices...
Fetching latest stock prices...
Fetching latest stock prices...
Worker thread starting...
Worker thread exiting...
Worker thread starting...
Worker thread exiting...
Fetching latest stock prices...
Worker thread starting...
Input: AAPL,2019-03-14
Output: USD,183.73
Input: ADANIPORTS.NS,2019-03-14
Output: INR,366.00
Input: ASIANPAINT.NS,2019-03-14
Output: INR,1434.75
Input: IBM,2019-03-14
Output: USD,138.79
Input: NTPC.NS,2019-03-14
Output: INR,153.65
Input: AAPL,2019-03-14
Output: USD,183.73
Input: ADANIPORTS.NS,2019-03-14
Output: INR,366.00
Input: ASIANPAINT.NS,2019-03-14
Output: INR,1434.75
Input: IBM,2019-03-14
Output: USD,138.79
Input: NTPC.NS,2019-03-14
Output: INR,153.65
Worker thread exiting...
Fetching latest stock prices...
Fetching latest stock prices...
Fetching latest stock prices...
Fetching latest stock prices...
Fetching latest stock prices...
Fetching latest stock prices...
Worker thread starting...
Input: AAPL,2019-03-14
Output: USD,183.73
Input: ADANIPORTS.NS,2019-03-14
Output: INR,366.00
Input: ASIANPAINT.NS,2019-03-14
Output: INR,1434.75
Input: IBM,2019-03-14
Output: USD,138.79
Input: NTPC.NS,2019-03-14
Output: INR,153.65
Input: AAPL,2019-03-14
Output: USD,183.73
Input: ADANIPORTS.NS,2019-03-14
Output: INR,366.00
Input: ASIANPAINT.NS,2019-03-14
Output: INR,1434.75
Input: IBM,2019-03-14
Output: USD,138.79
Input: NTPC.NS,2019-03-14
Output: INR,153.65
Worker thread exiting...
Fetching latest stock prices...
Fetching latest stock prices...
Worker thread starting...
Input: AAPL,2019-03-14
Output: USD,183.73
Input: ADANIPORTS.NS,2019-03-14
Output: INR,366.00
Input: ASIANPAINT.NS,2019-03-14
Output: INR,1434.75
Input: IBM,2019-03-14
Output: USD,138.79
Input: NTPC.NS,2019-03-14
Output: INR,153.65
Input: AAPL,2019-03-14
Output: USD,183.73
Input: ADANIPORTS.NS,2019-03-14
Output: INR,366.00
Input: ASIANPAINT.NS,2019-03-14
Output: INR,1434.75
Input: IBM,2019-03-14
Output: USD,138.79
Input: NTPC.NS,2019-03-14
Output: INR,153.65
Worker thread exiting...
Worker thread starting...
Input: AAPL,2019-03-14
Output: USD,183.73
Input: ADANIPORTS.NS,2019-03-14
Output: INR,366.00
Input: ASIANPAINT.NS,2019-03-14
Output: INR,1434.75
Input: IBM,2019-03-14
Output: USD,138.79
Input: NTPC.NS,2019-03-14
Output: INR,153.65
Input: AAPL,2019-03-14
Output: USD,183.73
Input: ADANIPORTS.NS,2019-03-14
Output: INR,366.00
Input: ASIANPAINT.NS,2019-03-14
Output: INR,1434.75
Input: IBM,2019-03-14
Output: USD,138.79
Input: NTPC.NS,2019-03-14
Output: INR,153.65
Worker thread exiting...
Fetching latest stock prices...
Worker thread starting...
Input: AAPL,2019-03-14
Output: USD,183.73
Input: ADANIPORTS.NS,2019-03-14
Output: INR,366.00
Input: ASIANPAINT.NS,2019-03-14
Output: INR,1434.75
Input: IBM,2019-03-14
Output: USD,138.79
Input: NTPC.NS,2019-03-14
Output: INR,153.65
Input: AAPL,2019-03-14
Output: USD,183.73
Input: ADANIPORTS.NS,2019-03-14
Output: INR,366.00
Input: ASIANPAINT.NS,2019-03-14
Output: INR,1434.75
Input: IBM,2019-03-14
Output: USD,138.79
Input: NTPC.NS,2019-03-14
Output: INR,153.65
Worker thread exiting...
Worker thread starting...
Input: AAPL,2019-03-14
Output: USD,183.73
Input: ADANIPORTS.NS,2019-03-14
Output: INR,366.00
Input: ASIANPAINT.NS,2019-03-14
Output: INR,1434.75
Input: IBM,2019-03-14
Output: USD,138.79
Input: MMM,2019-03-14
Output: USD,207.38
Input: NKE,2019-03-14
Output: USD,86.87
Input: SUNPHARMA.NS,2019-03-14
Output: INR,466.15
Input: AAPL,2019-03-14
Output: USD,183.73
Input: ADANIPORTS.NS,2019-03-14
Output: INR,366.00
Input: ASIANPAINT.NS,2019-03-14
Output: INR,1434.75
Input: IBM,2019-03-14
Output: USD,138.79
Input: MMM,2019-03-14
Output: USD,207.38
Input: NKE,2019-03-14
Output: USD,86.87
Input: SUNPHARMA.NS,2019-03-14
Output: INR,466.15
Worker thread exiting...
Fetching latest stock prices...
Fetching latest stock prices...
Fetching latest stock prices...
IOException in Nifty 50 continuing...
Fetching latest stock prices...
Fetching latest stock prices...
Fetching latest stock prices...
Fetching latest stock prices...
